[ 2019-08-08T10:36:42+08:00 ] 192.168.0.129 /
INFO: [ app_init ] --START--
INFO: Run Behavior\BuildLiteBehavior [ RunTime:0.000016s ]
INFO: [ app_init ] --END-- [ RunTime:0.009104s ]
INFO: [ app_begin ] --START--
INFO: Run Behavior\ReadHtmlCacheBehavior [ RunTime:0.006471s ]
INFO: [ app_begin ] --END-- [ RunTime:0.006544s ]
INFO: [ view_parse ] --START--
INFO: [ template_filter ] --START--
INFO: Run Behavior\ContentReplaceBehavior [ RunTime:0.010408s ]
INFO: [ template_filter ] --END-- [ RunTime:0.010473s ]
INFO: Run Behavior\ParseTemplateBehavior [ RunTime:0.045221s ]
INFO: [ view_parse ] --END-- [ RunTime:0.045286s ]
INFO: [ view_filter ] --START--
INFO: Run Behavior\WriteHtmlCacheBehavior [ RunTime:0.011266s ]
INFO: [ view_filter ] --END-- [ RunTime:0.011314s ]
INFO: [ app_end ] --START--
INFO: Run Behavior\ShowPageTraceBehavior [ RunTime:0.009769s ]
INFO: [ app_end ] --END-- [ RunTime:0.009820s ]

[ 2019-08-08T10:36:58+08:00 ] 192.168.0.129 /TripOrder/mConfirmation
INFO: [ app_init ] --START--
INFO: Run Behavior\BuildLiteBehavior [ RunTime:0.000013s ]
INFO: [ app_init ] --END-- [ RunTime:0.000676s ]
INFO: [ app_begin ] --START--
INFO: Run Behavior\ReadHtmlCacheBehavior [ RunTime:0.001242s ]
INFO: [ app_begin ] --END-- [ RunTime:0.001298s ]
ERR: 无法加载控制器:TripOrder

[ 2019-08-08T10:53:38+08:00 ] 192.168.0.123 /ottBackEntry.php/Index/userAjax?state=1
INFO: [ app_init ] --START--
INFO: Run Behavior\BuildLiteBehavior [ RunTime:0.000010s ]
INFO: [ app_init ] --END-- [ RunTime:0.000438s ]
INFO: [ app_begin ] --START--
INFO: Run Behavior\ReadHtmlCacheBehavior [ RunTime:0.000619s ]
INFO: [ app_begin ] --END-- [ RunTime:0.000661s ]
ERR: 无法加载控制器:OttBackEntry.php

[ 2019-08-08T10:53:48+08:00 ] 192.168.0.123 /ottBackEntry.php/Index/userAjax?state=1
INFO: [ app_init ] --START--
INFO: Run Behavior\BuildLiteBehavior [ RunTime:0.000012s ]
INFO: [ app_init ] --END-- [ RunTime:0.000533s ]
INFO: [ app_begin ] --START--
INFO: Run Behavior\ReadHtmlCacheBehavior [ RunTime:0.000676s ]
INFO: [ app_begin ] --END-- [ RunTime:0.000725s ]
ERR: 无法加载控制器:OttBackEntry.php

[ 2019-08-08T10:53:58+08:00 ] 192.168.0.123 /ottBackEntry.php/Index/userAjax?state=1
INFO: [ app_init ] --START--
INFO: Run Behavior\BuildLiteBehavior [ RunTime:0.000014s ]
INFO: [ app_init ] --END-- [ RunTime:0.000629s ]
INFO: [ app_begin ] --START--
INFO: Run Behavior\ReadHtmlCacheBehavior [ RunTime:0.000821s ]
INFO: [ app_begin ] --END-- [ RunTime:0.000881s ]
ERR: 无法加载控制器:OttBackEntry.php

[ 2019-08-08T15:16:30+08:00 ] 192.168.0.129 /TripOrder/mConfirmation
INFO: [ app_init ] --START--
INFO: Run Behavior\BuildLiteBehavior [ RunTime:0.000023s ]
INFO: [ app_init ] --END-- [ RunTime:0.003458s ]
INFO: [ app_begin ] --START--
INFO: Run Behavior\ReadHtmlCacheBehavior [ RunTime:0.006371s ]
INFO: [ app_begin ] --END-- [ RunTime:0.006483s ]
ERR: 无法加载控制器:TripOrder

