[ 2019-09-03T15:04:41+08:00 ] 192.168.0.123 /admin.php/index/index.html
INFO: [ app_init ] --START--
INFO: Run Behavior\BuildLiteBehavior [ RunTime:0.000013s ]
INFO: [ app_init ] --END-- [ RunTime:0.008985s ]
INFO: [ app_begin ] --START--
INFO: Run Behavior\ReadHtmlCacheBehavior [ RunTime:0.010004s ]
INFO: [ app_begin ] --END-- [ RunTime:0.010073s ]
NOTIC: [8] Undefined index: Login D:\phpStudy\WWW\beauty\Apps\admin\Controller\CommonController.class.php 第 18 行.

[ 2019-09-03T15:04:41+08:00 ] 192.168.0.123 /admin.php/index/index.html
INFO: [ app_init ] --START--
INFO: Run Behavior\BuildLiteBehavior [ RunTime:0.000009s ]
INFO: [ app_init ] --END-- [ RunTime:0.000485s ]
INFO: [ app_begin ] --START--
INFO: Run Behavior\ReadHtmlCacheBehavior [ RunTime:0.001193s ]
INFO: [ app_begin ] --END-- [ RunTime:0.001279s ]
NOTIC: [8] Undefined index: Login D:\phpStudy\WWW\beauty\Apps\admin\Controller\CommonController.class.php 第 18 行.

[ 2019-09-03T15:04:41+08:00 ] 192.168.0.123 /admin.php/Login/index.html
INFO: [ app_init ] --START--
INFO: Run Behavior\BuildLiteBehavior [ RunTime:0.000010s ]
INFO: [ app_init ] --END-- [ RunTime:0.000458s ]
INFO: [ app_begin ] --START--
INFO: Run Behavior\ReadHtmlCacheBehavior [ RunTime:0.000912s ]
INFO: [ app_begin ] --END-- [ RunTime:0.000972s ]
INFO: [ view_parse ] --START--
INFO: [ template_filter ] --START--
INFO: Run Behavior\ContentReplaceBehavior [ RunTime:0.018385s ]
INFO: [ template_filter ] --END-- [ RunTime:0.018451s ]
NOTIC: [8] Undefined index: rel D:\phpStudy\WWW\beauty\Runtime\Cache\admin\760f0862255b83511df50c2ce3dc0548.php 第 12 行.
NOTIC: [8] Undefined index: msg D:\phpStudy\WWW\beauty\Runtime\Cache\admin\760f0862255b83511df50c2ce3dc0548.php 第 12 行.
INFO: Run Behavior\ParseTemplateBehavior [ RunTime:0.076326s ]
INFO: [ view_parse ] --END-- [ RunTime:0.076374s ]
INFO: [ view_filter ] --START--
INFO: Run Behavior\WriteHtmlCacheBehavior [ RunTime:0.007867s ]
INFO: [ view_filter ] --END-- [ RunTime:0.007934s ]
INFO: [ app_end ] --START--
INFO: Run Behavior\ShowPageTraceBehavior [ RunTime:0.009789s ]
INFO: [ app_end ] --END-- [ RunTime:0.009837s ]

[ 2019-09-03T15:04:53+08:00 ] 192.168.0.123 /admin.php/Login/login.html
INFO: [ app_init ] --START--
INFO: Run Behavior\BuildLiteBehavior [ RunTime:0.000011s ]
INFO: [ app_init ] --END-- [ RunTime:0.000409s ]
INFO: [ app_begin ] --START--
INFO: Run Behavior\ReadHtmlCacheBehavior [ RunTime:0.000783s ]
INFO: [ app_begin ] --END-- [ RunTime:0.000838s ]
SQL: SHOW COLUMNS FROM `admin_config` [ RunTime:0.2093s ]
SQL: SELECT * FROM `admin_config`  [ RunTime:0.0016s ]
SQL: SHOW COLUMNS FROM `admin_user` [ RunTime:0.0294s ]
SQL: SHOW COLUMNS FROM `admin_user` [ RunTime:0.0519s ]
SQL: SELECT * FROM `admin_user` WHERE `username` = 'admin' LIMIT 1   [ RunTime:0.0009s ]
SQL: SHOW COLUMNS FROM `admin_user` [ RunTime:0.0112s ]
SQL: UPDATE `admin_user` SET `login_time`='2019-09-03 15:04:53',`login_ip`='192.168.0.123' WHERE `id` = 1 [ RunTime:0.0813s ]
NOTIC: [8] Undefined index: language D:\phpStudy\WWW\beauty\Apps\admin\Common\function.php 第 241 行.
INFO: [ app_end ] --START--
INFO: Run Behavior\ShowPageTraceBehavior [ RunTime:0.001794s ]
INFO: [ app_end ] --END-- [ RunTime:0.001886s ]

[ 2019-09-03T15:04:53+08:00 ] 192.168.0.123 /admin.php/Index/index.html
INFO: [ app_init ] --START--
INFO: Run Behavior\BuildLiteBehavior [ RunTime:0.000023s ]
INFO: [ app_init ] --END-- [ RunTime:0.000973s ]
INFO: [ app_begin ] --START--
INFO: Run Behavior\ReadHtmlCacheBehavior [ RunTime:0.000852s ]
INFO: [ app_begin ] --END-- [ RunTime:0.000902s ]
SQL: SHOW COLUMNS FROM `admin_config` [ RunTime:0.0054s ]
SQL: SELECT * FROM `admin_config`  [ RunTime:0.0004s ]
SQL: SHOW COLUMNS FROM `admin_user` [ RunTime:0.0053s ]
SQL: SELECT admin_user.*,admin_group.title as groups FROM `admin_user` INNER JOIN admin_group on admin_group.id = admin_user.grouping  WHERE ( admin_user.id=1 ) LIMIT 1   [ RunTime:0.0461s ]
NOTIC: [8] Undefined index: language D:\phpStudy\WWW\beauty\Apps\admin\Controller\CommonController.class.php 第 61 行.
SQL: SHOW COLUMNS FROM `admin_menu` [ RunTime:0.0352s ]
NOTIC: [8] Undefined index: language D:\phpStudy\WWW\beauty\Apps\admin\Controller\IndexController.class.php 第 24 行.
SQL: SELECT `id`,`pid`,`title`,`url`,`node_url`,`type`,`icon`,`sort` FROM `admin_menu` ORDER BY sort  [ RunTime:0.0005s ]
INFO: [ view_parse ] --START--
INFO: [ template_filter ] --START--
INFO: Run Behavior\ContentReplaceBehavior [ RunTime:0.000071s ]
INFO: [ template_filter ] --END-- [ RunTime:0.000118s ]
NOTIC: [8] Undefined index: child D:\phpStudy\WWW\beauty\Runtime\Cache\admin\0bab864758c85013c0e86abcee8f0573.php 第 290 行.
INFO: Run Behavior\ParseTemplateBehavior [ RunTime:0.039717s ]
INFO: [ view_parse ] --END-- [ RunTime:0.039770s ]
INFO: [ view_filter ] --START--
INFO: Run Behavior\WriteHtmlCacheBehavior [ RunTime:0.000843s ]
INFO: [ view_filter ] --END-- [ RunTime:0.000878s ]
INFO: [ app_end ] --START--
INFO: Run Behavior\ShowPageTraceBehavior [ RunTime:0.000834s ]
INFO: [ app_end ] --END-- [ RunTime:0.000881s ]

[ 2019-09-03T15:04:54+08:00 ] 192.168.0.123 /admin.php/Menu/index.html
INFO: [ app_init ] --START--
INFO: Run Behavior\BuildLiteBehavior [ RunTime:0.000011s ]
INFO: [ app_init ] --END-- [ RunTime:0.000462s ]
INFO: [ app_begin ] --START--
INFO: Run Behavior\ReadHtmlCacheBehavior [ RunTime:0.000793s ]
INFO: [ app_begin ] --END-- [ RunTime:0.000835s ]
SQL: SHOW COLUMNS FROM `admin_config` [ RunTime:0.0464s ]
SQL: SELECT * FROM `admin_config`  [ RunTime:0.0006s ]
SQL: SHOW COLUMNS FROM `admin_user` [ RunTime:0.1391s ]
SQL: SELECT admin_user.*,admin_group.title as groups FROM `admin_user` INNER JOIN admin_group on admin_group.id = admin_user.grouping  WHERE ( admin_user.id=1 ) LIMIT 1   [ RunTime:0.0004s ]
NOTIC: [8] Undefined index: language D:\phpStudy\WWW\beauty\Apps\admin\Controller\CommonController.class.php 第 61 行.
SQL: SHOW COLUMNS FROM `admin_menu` [ RunTime:0.0052s ]
SQL: SELECT * FROM `admin_menu` ORDER BY sort asc  [ RunTime:0.0005s ]
INFO: [ view_parse ] --START--
INFO: [ template_filter ] --START--
INFO: Run Behavior\ContentReplaceBehavior [ RunTime:0.000053s ]
INFO: [ template_filter ] --END-- [ RunTime:0.000094s ]
NOTIC: [8] Undefined index: child D:\phpStudy\WWW\beauty\Runtime\Cache\admin\6587dc8da2fd612f982eb0bbb8f707aa.php 第 73 行.
INFO: Run Behavior\ParseTemplateBehavior [ RunTime:0.088145s ]
INFO: [ view_parse ] --END-- [ RunTime:0.088197s ]
INFO: [ view_filter ] --START--
INFO: Run Behavior\WriteHtmlCacheBehavior [ RunTime:0.000735s ]
INFO: [ view_filter ] --END-- [ RunTime:0.000768s ]
INFO: [ app_end ] --START--
INFO: Run Behavior\ShowPageTraceBehavior [ RunTime:0.000892s ]
INFO: [ app_end ] --END-- [ RunTime:0.000944s ]

[ 2019-09-03T15:04:58+08:00 ] 192.168.0.123 /admin.php/Coupon/index
INFO: [ app_init ] --START--
INFO: Run Behavior\BuildLiteBehavior [ RunTime:0.000010s ]
INFO: [ app_init ] --END-- [ RunTime:0.000481s ]
INFO: [ app_begin ] --START--
INFO: Run Behavior\ReadHtmlCacheBehavior [ RunTime:0.000823s ]
INFO: [ app_begin ] --END-- [ RunTime:0.000874s ]
SQL: SHOW COLUMNS FROM `admin_config` [ RunTime:0.0048s ]
SQL: SELECT * FROM `admin_config`  [ RunTime:0.0003s ]
SQL: SHOW COLUMNS FROM `admin_user` [ RunTime:0.0045s ]
SQL: SELECT admin_user.*,admin_group.title as groups FROM `admin_user` INNER JOIN admin_group on admin_group.id = admin_user.grouping  WHERE ( admin_user.id=1 ) LIMIT 1   [ RunTime:0.0003s ]
NOTIC: [8] Undefined index: language D:\phpStudy\WWW\beauty\Apps\admin\Controller\CommonController.class.php 第 61 行.
INFO: [ view_parse ] --START--
INFO: [ template_filter ] --START--
INFO: Run Behavior\ContentReplaceBehavior [ RunTime:0.000086s ]
INFO: [ template_filter ] --END-- [ RunTime:0.000125s ]
INFO: Run Behavior\ParseTemplateBehavior [ RunTime:0.020407s ]
INFO: [ view_parse ] --END-- [ RunTime:0.020466s ]
INFO: [ view_filter ] --START--
INFO: Run Behavior\WriteHtmlCacheBehavior [ RunTime:0.000837s ]
INFO: [ view_filter ] --END-- [ RunTime:0.000878s ]
INFO: [ app_end ] --START--
INFO: Run Behavior\ShowPageTraceBehavior [ RunTime:0.001024s ]
INFO: [ app_end ] --END-- [ RunTime:0.001064s ]

[ 2019-09-03T15:04:59+08:00 ] 192.168.0.123 /admin.php/Coupon/ajaxCoupon/p/1
INFO: [ app_init ] --START--
INFO: Run Behavior\BuildLiteBehavior [ RunTime:0.000011s ]
INFO: [ app_init ] --END-- [ RunTime:0.000553s ]
INFO: [ app_begin ] --START--
INFO: Run Behavior\ReadHtmlCacheBehavior [ RunTime:0.001018s ]
INFO: [ app_begin ] --END-- [ RunTime:0.001098s ]
SQL: SHOW COLUMNS FROM `admin_config` [ RunTime:0.0108s ]
SQL: SELECT * FROM `admin_config`  [ RunTime:0.0003s ]
SQL: SHOW COLUMNS FROM `admin_user` [ RunTime:0.0045s ]
SQL: SELECT admin_user.*,admin_group.title as groups FROM `admin_user` INNER JOIN admin_group on admin_group.id = admin_user.grouping  WHERE ( admin_user.id=1 ) LIMIT 1   [ RunTime:0.0003s ]
NOTIC: [8] Undefined index: language D:\phpStudy\WWW\beauty\Apps\admin\Controller\CommonController.class.php 第 61 行.
SQL: SELECT * FROM `admin_config`  [ RunTime:0.0003s ]
SQL: SHOW COLUMNS FROM `coupon` [ RunTime:0.0254s ]
SQL: SHOW COLUMNS FROM `coupon` [ RunTime:0.0044s ]
SQL: SELECT COUNT(*) AS tp_count FROM `coupon` LIMIT 1   [ RunTime:0.0002s ]
SQL: SELECT * FROM `coupon` ORDER BY id LIMIT 0,10   [ RunTime:0.0003s ]
INFO: [ view_parse ] --START--
INFO: [ template_filter ] --START--
INFO: Run Behavior\ContentReplaceBehavior [ RunTime:0.000035s ]
INFO: [ template_filter ] --END-- [ RunTime:0.000073s ]
INFO: Run Behavior\ParseTemplateBehavior [ RunTime:0.014063s ]
INFO: [ view_parse ] --END-- [ RunTime:0.014127s ]
INFO: [ view_filter ] --START--
INFO: Run Behavior\WriteHtmlCacheBehavior [ RunTime:0.000657s ]
INFO: [ view_filter ] --END-- [ RunTime:0.000685s ]

[ 2019-09-03T15:05:00+08:00 ] 192.168.0.123 /admin.php/Coupon/ajaxCoupon/p/1
INFO: [ app_init ] --START--
INFO: Run Behavior\BuildLiteBehavior [ RunTime:0.000014s ]
INFO: [ app_init ] --END-- [ RunTime:0.000628s ]
INFO: [ app_begin ] --START--
INFO: Run Behavior\ReadHtmlCacheBehavior [ RunTime:0.001114s ]
INFO: [ app_begin ] --END-- [ RunTime:0.001180s ]
SQL: SHOW COLUMNS FROM `admin_config` [ RunTime:0.0048s ]
SQL: SELECT * FROM `admin_config`  [ RunTime:0.0003s ]
SQL: SHOW COLUMNS FROM `admin_user` [ RunTime:0.0050s ]
SQL: SELECT admin_user.*,admin_group.title as groups FROM `admin_user` INNER JOIN admin_group on admin_group.id = admin_user.grouping  WHERE ( admin_user.id=1 ) LIMIT 1   [ RunTime:0.0006s ]
NOTIC: [8] Undefined index: language D:\phpStudy\WWW\beauty\Apps\admin\Controller\CommonController.class.php 第 61 行.
SQL: SELECT * FROM `admin_config`  [ RunTime:0.0003s ]
SQL: SHOW COLUMNS FROM `coupon` [ RunTime:0.0055s ]
SQL: SHOW COLUMNS FROM `coupon` [ RunTime:0.0062s ]
SQL: SELECT COUNT(*) AS tp_count FROM `coupon` LIMIT 1   [ RunTime:0.0002s ]
SQL: SELECT * FROM `coupon` ORDER BY id LIMIT 0,10   [ RunTime:0.0002s ]
INFO: [ view_parse ] --START--
INFO: [ template_filter ] --START--
INFO: Run Behavior\ContentReplaceBehavior [ RunTime:0.000035s ]
INFO: [ template_filter ] --END-- [ RunTime:0.000074s ]
INFO: Run Behavior\ParseTemplateBehavior [ RunTime:0.007829s ]
INFO: [ view_parse ] --END-- [ RunTime:0.007861s ]
INFO: [ view_filter ] --START--
INFO: Run Behavior\WriteHtmlCacheBehavior [ RunTime:0.000680s ]
INFO: [ view_filter ] --END-- [ RunTime:0.000715s ]

[ 2019-09-03T15:05:01+08:00 ] 192.168.0.123 /admin.php/Coupon/give
INFO: [ app_init ] --START--
INFO: Run Behavior\BuildLiteBehavior [ RunTime:0.000010s ]
INFO: [ app_init ] --END-- [ RunTime:0.000498s ]
INFO: [ app_begin ] --START--
INFO: Run Behavior\ReadHtmlCacheBehavior [ RunTime:0.000855s ]
INFO: [ app_begin ] --END-- [ RunTime:0.000898s ]
SQL: SHOW COLUMNS FROM `admin_config` [ RunTime:0.0048s ]
SQL: SELECT * FROM `admin_config`  [ RunTime:0.0004s ]
SQL: SHOW COLUMNS FROM `admin_user` [ RunTime:0.0047s ]
SQL: SELECT admin_user.*,admin_group.title as groups FROM `admin_user` INNER JOIN admin_group on admin_group.id = admin_user.grouping  WHERE ( admin_user.id=1 ) LIMIT 1   [ RunTime:0.0003s ]
NOTIC: [8] Undefined index: language D:\phpStudy\WWW\beauty\Apps\admin\Controller\CommonController.class.php 第 61 行.
SQL: SELECT * FROM `admin_config`  [ RunTime:0.0003s ]
SQL: SHOW COLUMNS FROM `coupon` [ RunTime:0.0048s ]
SQL: SELECT * FROM `coupon` WHERE `end` > 1567494301 ORDER BY id  [ RunTime:0.0003s ]
SQL: SELECT * FROM `admin_config`  [ RunTime:0.0003s ]
SQL: SHOW COLUMNS FROM `category` [ RunTime:0.0471s ]
NOTIC: [8] Undefined index: language D:\phpStudy\WWW\beauty\Apps\admin\Controller\CouponController.class.php 第 220 行.
SQL: SELECT `id`,chinese as title,`type` FROM `category` WHERE `type` = 2 AND `status` = 'activation' ORDER BY id  [ RunTime:0.0003s ]
SQL: SELECT `id`,chinese as title,`type` FROM `category` WHERE `type` = 3 AND `status` = 'activation' ORDER BY id  [ RunTime:0.0002s ]
SQL: SELECT `id`,chinese as title,`type` FROM `category` WHERE `type` = 4 AND `status` = 'activation' ORDER BY id  [ RunTime:0.0002s ]
SQL: SELECT * FROM `admin_config`  [ RunTime:0.0003s ]
SQL: SHOW COLUMNS FROM `customer` [ RunTime:0.0330s ]
SQL: SELECT `id`,`username`,`cartnum` FROM `customer`  [ RunTime:0.0002s ]
INFO: [ view_parse ] --START--
INFO: [ template_filter ] --START--
INFO: Run Behavior\ContentReplaceBehavior [ RunTime:0.000047s ]
INFO: [ template_filter ] --END-- [ RunTime:0.000086s ]
INFO: Run Behavior\ParseTemplateBehavior [ RunTime:0.018592s ]
INFO: [ view_parse ] --END-- [ RunTime:0.018637s ]
INFO: [ view_filter ] --START--
INFO: Run Behavior\WriteHtmlCacheBehavior [ RunTime:0.000861s ]
INFO: [ view_filter ] --END-- [ RunTime:0.000901s ]
INFO: [ app_end ] --START--
INFO: Run Behavior\ShowPageTraceBehavior [ RunTime:0.000892s ]
INFO: [ app_end ] --END-- [ RunTime:0.000925s ]

[ 2019-09-03T15:06:09+08:00 ] 192.168.0.123 /admin.php/Customer/index
INFO: [ app_init ] --START--
INFO: Run Behavior\BuildLiteBehavior [ RunTime:0.000014s ]
INFO: [ app_init ] --END-- [ RunTime:0.000483s ]
INFO: [ app_begin ] --START--
INFO: Run Behavior\ReadHtmlCacheBehavior [ RunTime:0.001497s ]
INFO: [ app_begin ] --END-- [ RunTime:0.001561s ]
SQL: SHOW COLUMNS FROM `admin_config` [ RunTime:0.0050s ]
SQL: SELECT * FROM `admin_config`  [ RunTime:0.0003s ]
SQL: SHOW COLUMNS FROM `admin_user` [ RunTime:0.0054s ]
SQL: SELECT admin_user.*,admin_group.title as groups FROM `admin_user` INNER JOIN admin_group on admin_group.id = admin_user.grouping  WHERE ( admin_user.id=1 ) LIMIT 1   [ RunTime:0.0004s ]
NOTIC: [8] Undefined index: language D:\phpStudy\WWW\beauty\Apps\admin\Controller\CommonController.class.php 第 61 行.
SQL: SELECT * FROM `admin_config`  [ RunTime:0.0003s ]
SQL: SHOW COLUMNS FROM `category` [ RunTime:0.0051s ]
NOTIC: [8] Undefined index: language D:\phpStudy\WWW\beauty\Apps\admin\Controller\CustomerController.class.php 第 14 行.
SQL: SELECT `id`,chinese as title,`type` FROM `category` WHERE `type` = 2 AND `status` = 'activation' ORDER BY id  [ RunTime:0.0004s ]
SQL: SELECT `id`,chinese as title,`type` FROM `category` WHERE `type` = 3 AND `status` = 'activation' ORDER BY id  [ RunTime:0.0002s ]
SQL: SELECT `id`,chinese as title,`type` FROM `category` WHERE `type` = 4 AND `status` = 'activation' ORDER BY id  [ RunTime:0.0002s ]
SQL: SELECT * FROM `admin_config`  [ RunTime:0.0004s ]
SQL: SHOW COLUMNS FROM `customer` [ RunTime:0.0937s ]
SQL: SELECT `id`,`username`,`cartnum` FROM `customer`  [ RunTime:0.0003s ]
INFO: [ view_parse ] --START--
INFO: [ template_filter ] --START--
INFO: Run Behavior\ContentReplaceBehavior [ RunTime:0.000068s ]
INFO: [ template_filter ] --END-- [ RunTime:0.000104s ]
INFO: Run Behavior\ParseTemplateBehavior [ RunTime:0.049984s ]
INFO: [ view_parse ] --END-- [ RunTime:0.050044s ]
INFO: [ view_filter ] --START--
INFO: Run Behavior\WriteHtmlCacheBehavior [ RunTime:0.001033s ]
INFO: [ view_filter ] --END-- [ RunTime:0.001074s ]
INFO: [ app_end ] --START--
INFO: Run Behavior\ShowPageTraceBehavior [ RunTime:0.001136s ]
INFO: [ app_end ] --END-- [ RunTime:0.001211s ]

[ 2019-09-03T15:06:10+08:00 ] 192.168.0.123 /admin.php/Customer/ajaxCustomer/p/1
INFO: [ app_init ] --START--
INFO: Run Behavior\BuildLiteBehavior [ RunTime:0.000010s ]
INFO: [ app_init ] --END-- [ RunTime:0.000484s ]
INFO: [ app_begin ] --START--
INFO: Run Behavior\ReadHtmlCacheBehavior [ RunTime:0.000786s ]
INFO: [ app_begin ] --END-- [ RunTime:0.000826s ]
SQL: SHOW COLUMNS FROM `admin_config` [ RunTime:0.0049s ]
SQL: SELECT * FROM `admin_config`  [ RunTime:0.0003s ]
SQL: SHOW COLUMNS FROM `admin_user` [ RunTime:0.0044s ]
SQL: SELECT admin_user.*,admin_group.title as groups FROM `admin_user` INNER JOIN admin_group on admin_group.id = admin_user.grouping  WHERE ( admin_user.id=1 ) LIMIT 1   [ RunTime:0.0003s ]
NOTIC: [8] Undefined index: language D:\phpStudy\WWW\beauty\Apps\admin\Controller\CommonController.class.php 第 61 行.
SQL: SELECT * FROM `admin_config`  [ RunTime:0.0003s ]
SQL: SHOW COLUMNS FROM `customer` [ RunTime:0.0056s ]
SQL: SHOW COLUMNS FROM `customer` [ RunTime:0.0044s ]
SQL: SELECT COUNT(*) AS tp_count FROM `customer` LIMIT 1   [ RunTime:0.0002s ]
SQL: SELECT `id`,`username`,`cartnum`,`phoneCode`,`phone`,`email`,`birth`,`sex`,`ActivityLevel`,`register_time` FROM `customer` ORDER BY id LIMIT 0,10   [ RunTime:0.0002s ]
INFO: [ view_parse ] --START--
INFO: [ template_filter ] --START--
INFO: Run Behavior\ContentReplaceBehavior [ RunTime:0.000033s ]
INFO: [ template_filter ] --END-- [ RunTime:0.000074s ]
INFO: Run Behavior\ParseTemplateBehavior [ RunTime:0.018052s ]
INFO: [ view_parse ] --END-- [ RunTime:0.018098s ]
INFO: [ view_filter ] --START--
INFO: Run Behavior\WriteHtmlCacheBehavior [ RunTime:0.000659s ]
INFO: [ view_filter ] --END-- [ RunTime:0.000689s ]

[ 2019-09-03T15:06:10+08:00 ] 192.168.0.123 /admin.php/Customer/ajaxCustomer/p/1
INFO: [ app_init ] --START--
INFO: Run Behavior\BuildLiteBehavior [ RunTime:0.000010s ]
INFO: [ app_init ] --END-- [ RunTime:0.000435s ]
INFO: [ app_begin ] --START--
INFO: Run Behavior\ReadHtmlCacheBehavior [ RunTime:0.000771s ]
INFO: [ app_begin ] --END-- [ RunTime:0.000810s ]
SQL: SHOW COLUMNS FROM `admin_config` [ RunTime:0.0048s ]
SQL: SELECT * FROM `admin_config`  [ RunTime:0.0004s ]
SQL: SHOW COLUMNS FROM `admin_user` [ RunTime:0.0048s ]
SQL: SELECT admin_user.*,admin_group.title as groups FROM `admin_user` INNER JOIN admin_group on admin_group.id = admin_user.grouping  WHERE ( admin_user.id=1 ) LIMIT 1   [ RunTime:0.0003s ]
NOTIC: [8] Undefined index: language D:\phpStudy\WWW\beauty\Apps\admin\Controller\CommonController.class.php 第 61 行.
SQL: SELECT * FROM `admin_config`  [ RunTime:0.0003s ]
SQL: SHOW COLUMNS FROM `customer` [ RunTime:0.0051s ]
SQL: SHOW COLUMNS FROM `customer` [ RunTime:0.0047s ]
SQL: SELECT COUNT(*) AS tp_count FROM `customer` LIMIT 1   [ RunTime:0.0002s ]
SQL: SELECT `id`,`username`,`cartnum`,`phoneCode`,`phone`,`email`,`birth`,`sex`,`ActivityLevel`,`register_time` FROM `customer` ORDER BY id LIMIT 0,10   [ RunTime:0.0002s ]
INFO: [ view_parse ] --START--
INFO: [ template_filter ] --START--
INFO: Run Behavior\ContentReplaceBehavior [ RunTime:0.000033s ]
INFO: [ template_filter ] --END-- [ RunTime:0.000075s ]
INFO: Run Behavior\ParseTemplateBehavior [ RunTime:0.007175s ]
INFO: [ view_parse ] --END-- [ RunTime:0.007215s ]
INFO: [ view_filter ] --START--
INFO: Run Behavior\WriteHtmlCacheBehavior [ RunTime:0.000649s ]
INFO: [ view_filter ] --END-- [ RunTime:0.000684s ]

[ 2019-09-03T15:06:14+08:00 ] 192.168.0.123 /admin.php/Customer/createCustomer
INFO: [ app_init ] --START--
INFO: Run Behavior\BuildLiteBehavior [ RunTime:0.000011s ]
INFO: [ app_init ] --END-- [ RunTime:0.000466s ]
INFO: [ app_begin ] --START--
INFO: Run Behavior\ReadHtmlCacheBehavior [ RunTime:0.000957s ]
INFO: [ app_begin ] --END-- [ RunTime:0.001081s ]
SQL: SHOW COLUMNS FROM `admin_config` [ RunTime:0.0047s ]
SQL: SELECT * FROM `admin_config`  [ RunTime:0.0003s ]
SQL: SHOW COLUMNS FROM `admin_user` [ RunTime:0.0055s ]
SQL: SELECT admin_user.*,admin_group.title as groups FROM `admin_user` INNER JOIN admin_group on admin_group.id = admin_user.grouping  WHERE ( admin_user.id=1 ) LIMIT 1   [ RunTime:0.0004s ]
NOTIC: [8] Undefined index: language D:\phpStudy\WWW\beauty\Apps\admin\Controller\CommonController.class.php 第 61 行.
SQL: SELECT * FROM `admin_config`  [ RunTime:0.0004s ]
SQL: SHOW COLUMNS FROM `category` [ RunTime:0.0064s ]
NOTIC: [8] Undefined index: language D:\phpStudy\WWW\beauty\Apps\admin\Controller\CustomerController.class.php 第 79 行.
SQL: SELECT `id`,chinese as title,`type` FROM `category` WHERE `type` = 2 AND `status` = 'activation' ORDER BY id  [ RunTime:0.0004s ]
SQL: SELECT `id`,chinese as title,`type` FROM `category` WHERE `type` = 3 AND `status` = 'activation' ORDER BY id  [ RunTime:0.0002s ]
SQL: SELECT `id`,chinese as title,`type` FROM `category` WHERE `type` = 4 AND `status` = 'activation' ORDER BY id  [ RunTime:0.0002s ]
SQL: SELECT * FROM `admin_config`  [ RunTime:0.0003s ]
SQL: SHOW COLUMNS FROM `customer` [ RunTime:0.0049s ]
SQL: SELECT `id`,`username`,`cartnum` FROM `customer`  [ RunTime:0.0002s ]
INFO: [ view_parse ] --START--
INFO: [ template_filter ] --START--
INFO: Run Behavior\ContentReplaceBehavior [ RunTime:0.000054s ]
INFO: [ template_filter ] --END-- [ RunTime:0.000093s ]
INFO: Run Behavior\ParseTemplateBehavior [ RunTime:0.064510s ]
INFO: [ view_parse ] --END-- [ RunTime:0.064561s ]
INFO: [ view_filter ] --START--
INFO: Run Behavior\WriteHtmlCacheBehavior [ RunTime:0.000692s ]
INFO: [ view_filter ] --END-- [ RunTime:0.000724s ]
INFO: [ app_end ] --START--
INFO: Run Behavior\ShowPageTraceBehavior [ RunTime:0.001339s ]
INFO: [ app_end ] --END-- [ RunTime:0.001441s ]

[ 2019-09-03T15:18:03+08:00 ] 192.168.0.123 /admin.php/Customer/index
INFO: [ app_init ] --START--
INFO: Run Behavior\BuildLiteBehavior [ RunTime:0.000012s ]
INFO: [ app_init ] --END-- [ RunTime:0.000460s ]
INFO: [ app_begin ] --START--
INFO: Run Behavior\ReadHtmlCacheBehavior [ RunTime:0.000787s ]
INFO: [ app_begin ] --END-- [ RunTime:0.000830s ]
SQL: SHOW COLUMNS FROM `admin_config` [ RunTime:0.0064s ]
SQL: SELECT * FROM `admin_config`  [ RunTime:0.0006s ]
SQL: SHOW COLUMNS FROM `admin_user` [ RunTime:0.0053s ]
SQL: SELECT admin_user.*,admin_group.title as groups FROM `admin_user` INNER JOIN admin_group on admin_group.id = admin_user.grouping  WHERE ( admin_user.id=1 ) LIMIT 1   [ RunTime:0.0007s ]
NOTIC: [8] Undefined index: language D:\phpStudy\WWW\beauty\Apps\admin\Controller\CommonController.class.php 第 61 行.
SQL: SELECT * FROM `admin_config`  [ RunTime:0.0003s ]
SQL: SHOW COLUMNS FROM `category` [ RunTime:0.0051s ]
NOTIC: [8] Undefined index: language D:\phpStudy\WWW\beauty\Apps\admin\Controller\CustomerController.class.php 第 14 行.
SQL: SELECT `id`,chinese as title,`type` FROM `category` WHERE `type` = 2 AND `status` = 'activation' ORDER BY id  [ RunTime:0.0003s ]
SQL: SELECT `id`,chinese as title,`type` FROM `category` WHERE `type` = 3 AND `status` = 'activation' ORDER BY id  [ RunTime:0.0002s ]
SQL: SELECT `id`,chinese as title,`type` FROM `category` WHERE `type` = 4 AND `status` = 'activation' ORDER BY id  [ RunTime:0.0003s ]
SQL: SELECT * FROM `admin_config`  [ RunTime:0.0003s ]
SQL: SHOW COLUMNS FROM `customer` [ RunTime:0.0056s ]
SQL: SELECT `id`,`username`,`cartnum` FROM `customer`  [ RunTime:0.0004s ]
INFO: [ view_parse ] --START--
INFO: [ template_filter ] --START--
INFO: Run Behavior\ContentReplaceBehavior [ RunTime:0.000069s ]
INFO: [ template_filter ] --END-- [ RunTime:0.000108s ]
INFO: Run Behavior\ParseTemplateBehavior [ RunTime:0.010456s ]
INFO: [ view_parse ] --END-- [ RunTime:0.010497s ]
INFO: [ view_filter ] --START--
INFO: Run Behavior\WriteHtmlCacheBehavior [ RunTime:0.000688s ]
INFO: [ view_filter ] --END-- [ RunTime:0.000729s ]
INFO: [ app_end ] --START--
INFO: Run Behavior\ShowPageTraceBehavior [ RunTime:0.000845s ]
INFO: [ app_end ] --END-- [ RunTime:0.000882s ]

[ 2019-09-03T15:18:03+08:00 ] 192.168.0.123 /admin.php/Customer/ajaxCustomer/p/1
INFO: [ app_init ] --START--
INFO: Run Behavior\BuildLiteBehavior [ RunTime:0.000012s ]
INFO: [ app_init ] --END-- [ RunTime:0.000460s ]
INFO: [ app_begin ] --START--
INFO: Run Behavior\ReadHtmlCacheBehavior [ RunTime:0.000762s ]
INFO: [ app_begin ] --END-- [ RunTime:0.000810s ]
SQL: SHOW COLUMNS FROM `admin_config` [ RunTime:0.1025s ]
SQL: SELECT * FROM `admin_config`  [ RunTime:0.0004s ]
SQL: SHOW COLUMNS FROM `admin_user` [ RunTime:0.0435s ]
SQL: SELECT admin_user.*,admin_group.title as groups FROM `admin_user` INNER JOIN admin_group on admin_group.id = admin_user.grouping  WHERE ( admin_user.id=1 ) LIMIT 1   [ RunTime:0.0003s ]
NOTIC: [8] Undefined index: language D:\phpStudy\WWW\beauty\Apps\admin\Controller\CommonController.class.php 第 61 行.
SQL: SELECT * FROM `admin_config`  [ RunTime:0.0003s ]
SQL: SHOW COLUMNS FROM `customer` [ RunTime:0.0661s ]
SQL: SHOW COLUMNS FROM `customer` [ RunTime:0.0559s ]
SQL: SELECT COUNT(*) AS tp_count FROM `customer` LIMIT 1   [ RunTime:0.0005s ]
SQL: SELECT `id`,`username`,`cartnum`,`phoneCode`,`phone`,`email`,`birth`,`sex`,`ActivityLevel`,`register_time` FROM `customer` ORDER BY id LIMIT 0,10   [ RunTime:0.0007s ]
INFO: [ view_parse ] --START--
INFO: [ template_filter ] --START--
INFO: Run Behavior\ContentReplaceBehavior [ RunTime:0.000035s ]
INFO: [ template_filter ] --END-- [ RunTime:0.000131s ]
INFO: Run Behavior\ParseTemplateBehavior [ RunTime:0.014741s ]
INFO: [ view_parse ] --END-- [ RunTime:0.014809s ]
INFO: [ view_filter ] --START--
INFO: Run Behavior\WriteHtmlCacheBehavior [ RunTime:0.000700s ]
INFO: [ view_filter ] --END-- [ RunTime:0.000734s ]

[ 2019-09-03T15:18:03+08:00 ] 192.168.0.123 /admin.php/Customer/ajaxCustomer/p/1
INFO: [ app_init ] --START--
INFO: Run Behavior\BuildLiteBehavior [ RunTime:0.000020s ]
INFO: [ app_init ] --END-- [ RunTime:0.000407s ]
INFO: [ app_begin ] --START--
INFO: Run Behavior\ReadHtmlCacheBehavior [ RunTime:0.000659s ]
INFO: [ app_begin ] --END-- [ RunTime:0.000696s ]
SQL: SHOW COLUMNS FROM `admin_config` [ RunTime:0.0049s ]
SQL: SELECT * FROM `admin_config`  [ RunTime:0.0003s ]
SQL: SHOW COLUMNS FROM `admin_user` [ RunTime:0.0043s ]
SQL: SELECT admin_user.*,admin_group.title as groups FROM `admin_user` INNER JOIN admin_group on admin_group.id = admin_user.grouping  WHERE ( admin_user.id=1 ) LIMIT 1   [ RunTime:0.0003s ]
NOTIC: [8] Undefined index: language D:\phpStudy\WWW\beauty\Apps\admin\Controller\CommonController.class.php 第 61 行.
SQL: SELECT * FROM `admin_config`  [ RunTime:0.0002s ]
SQL: SHOW COLUMNS FROM `customer` [ RunTime:0.0053s ]
SQL: SHOW COLUMNS FROM `customer` [ RunTime:0.0048s ]
SQL: SELECT COUNT(*) AS tp_count FROM `customer` LIMIT 1   [ RunTime:0.0002s ]
SQL: SELECT `id`,`username`,`cartnum`,`phoneCode`,`phone`,`email`,`birth`,`sex`,`ActivityLevel`,`register_time` FROM `customer` ORDER BY id LIMIT 0,10   [ RunTime:0.0002s ]
INFO: [ view_parse ] --START--
INFO: [ template_filter ] --START--
INFO: Run Behavior\ContentReplaceBehavior [ RunTime:0.000035s ]
INFO: [ template_filter ] --END-- [ RunTime:0.000080s ]
INFO: Run Behavior\ParseTemplateBehavior [ RunTime:0.007209s ]
INFO: [ view_parse ] --END-- [ RunTime:0.007263s ]
INFO: [ view_filter ] --START--
INFO: Run Behavior\WriteHtmlCacheBehavior [ RunTime:0.000869s ]
INFO: [ view_filter ] --END-- [ RunTime:0.000909s ]

