[ 2019-10-12T08:05:08+08:00 ] 192.168.0.123 /admin.php/index/index.html
INFO: [ app_init ] --START--
INFO: Run Behavior\BuildLiteBehavior [ RunTime:0.000009s ]
INFO: [ app_init ] --END-- [ RunTime:0.000454s ]
INFO: [ app_begin ] --START--
INFO: Run Behavior\ReadHtmlCacheBehavior [ RunTime:0.000707s ]
INFO: [ app_begin ] --END-- [ RunTime:0.000913s ]

[ 2019-10-12T08:05:08+08:00 ] 192.168.0.123 /admin.php/index/index.html
INFO: [ app_init ] --START--
INFO: Run Behavior\BuildLiteBehavior [ RunTime:0.000013s ]
INFO: [ app_init ] --END-- [ RunTime:0.117502s ]
INFO: [ app_begin ] --START--
INFO: Run Behavior\ReadHtmlCacheBehavior [ RunTime:0.016361s ]
INFO: [ app_begin ] --END-- [ RunTime:0.016436s ]

[ 2019-10-12T08:05:12+08:00 ] 192.168.0.123 /admin.php/index/index.html
INFO: [ app_init ] --START--
INFO: Run Behavior\BuildLiteBehavior [ RunTime:0.000011s ]
INFO: [ app_init ] --END-- [ RunTime:0.000518s ]
INFO: [ app_begin ] --START--
INFO: Run Behavior\ReadHtmlCacheBehavior [ RunTime:0.000488s ]
INFO: [ app_begin ] --END-- [ RunTime:0.000527s ]
SQL: SHOW COLUMNS FROM `admin_config` [ RunTime:0.1404s ]
SQL: SELECT * FROM `admin_config`  [ RunTime:0.0010s ]
SQL: SHOW COLUMNS FROM `admin_user` [ RunTime:0.0530s ]
SQL: SELECT admin_user.*,admin_group.title as groups FROM `admin_user` INNER JOIN admin_group on admin_group.id = admin_user.grouping  WHERE ( admin_user.id=1 ) LIMIT 1   [ RunTime:0.0528s ]
SQL: SHOW COLUMNS FROM `admin_menu` [ RunTime:0.0245s ]
SQL: SELECT `id`,`pid`,`title`,`url`,`node_url`,`type`,`icon`,`sort` FROM `admin_menu` WHERE `status` = 'activation' ORDER BY sort  [ RunTime:0.0005s ]
INFO: [ view_parse ] --START--
INFO: [ template_filter ] --START--
INFO: Run Behavior\ContentReplaceBehavior [ RunTime:0.098661s ]
INFO: [ template_filter ] --END-- [ RunTime:0.098726s ]
INFO: Run Behavior\ParseTemplateBehavior [ RunTime:0.707311s ]
INFO: [ view_parse ] --END-- [ RunTime:0.707368s ]
INFO: [ view_filter ] --START--
INFO: Run Behavior\WriteHtmlCacheBehavior [ RunTime:0.092533s ]
INFO: [ view_filter ] --END-- [ RunTime:0.092576s ]
INFO: [ app_end ] --START--
INFO: Run Behavior\ShowPageTraceBehavior [ RunTime:0.017795s ]
INFO: [ app_end ] --END-- [ RunTime:0.017844s ]

[ 2019-10-12T08:05:13+08:00 ] 192.168.0.123 /admin.php/Menu/index.html
INFO: [ app_init ] --START--
INFO: Run Behavior\BuildLiteBehavior [ RunTime:0.000010s ]
INFO: [ app_init ] --END-- [ RunTime:0.000419s ]
INFO: [ app_begin ] --START--
INFO: Run Behavior\ReadHtmlCacheBehavior [ RunTime:0.000621s ]
INFO: [ app_begin ] --END-- [ RunTime:0.000666s ]
SQL: SHOW COLUMNS FROM `admin_config` [ RunTime:0.0137s ]
SQL: SELECT * FROM `admin_config`  [ RunTime:0.0004s ]
SQL: SHOW COLUMNS FROM `admin_user` [ RunTime:0.0055s ]
SQL: SELECT admin_user.*,admin_group.title as groups FROM `admin_user` INNER JOIN admin_group on admin_group.id = admin_user.grouping  WHERE ( admin_user.id=1 ) LIMIT 1   [ RunTime:0.0003s ]
SQL: SHOW COLUMNS FROM `admin_menu` [ RunTime:0.0054s ]
SQL: SELECT * FROM `admin_menu` ORDER BY sort asc  [ RunTime:0.0004s ]
INFO: [ view_parse ] --START--
INFO: [ template_filter ] --START--
INFO: Run Behavior\ContentReplaceBehavior [ RunTime:0.000047s ]
INFO: [ template_filter ] --END-- [ RunTime:0.000083s ]
INFO: Run Behavior\ParseTemplateBehavior [ RunTime:0.270820s ]
INFO: [ view_parse ] --END-- [ RunTime:0.270946s ]
INFO: [ view_filter ] --START--
INFO: Run Behavior\WriteHtmlCacheBehavior [ RunTime:0.000615s ]
INFO: [ view_filter ] --END-- [ RunTime:0.000645s ]
INFO: [ app_end ] --START--
INFO: Run Behavior\ShowPageTraceBehavior [ RunTime:0.000610s ]
INFO: [ app_end ] --END-- [ RunTime:0.000647s ]

[ 2019-10-12T11:09:51+08:00 ] 192.168.0.123 /admin.php/index/index.html
INFO: [ app_init ] --START--
INFO: Run Behavior\BuildLiteBehavior [ RunTime:0.000027s ]
INFO: [ app_init ] --END-- [ RunTime:0.095882s ]
INFO: [ app_begin ] --START--
INFO: Run Behavior\ReadHtmlCacheBehavior [ RunTime:0.040832s ]
INFO: [ app_begin ] --END-- [ RunTime:0.041040s ]
SQL: SHOW COLUMNS FROM `admin_config` [ RunTime:0.0438s ]
SQL: SELECT * FROM `admin_config`  [ RunTime:0.0282s ]
SQL: SHOW COLUMNS FROM `admin_user` [ RunTime:0.1065s ]
SQL: SELECT admin_user.*,admin_group.title as groups FROM `admin_user` INNER JOIN admin_group on admin_group.id = admin_user.grouping  WHERE ( admin_user.id=1 ) LIMIT 1   [ RunTime:0.0291s ]
SQL: SHOW COLUMNS FROM `admin_menu` [ RunTime:0.0076s ]
SQL: SELECT `id`,`pid`,`title`,`url`,`node_url`,`type`,`icon`,`sort` FROM `admin_menu` WHERE `status` = 'activation' ORDER BY sort  [ RunTime:0.0093s ]
INFO: [ view_parse ] --START--
INFO: [ template_filter ] --START--
INFO: Run Behavior\ContentReplaceBehavior [ RunTime:0.000138s ]
INFO: [ template_filter ] --END-- [ RunTime:0.000180s ]
INFO: Run Behavior\ParseTemplateBehavior [ RunTime:0.062313s ]
INFO: [ view_parse ] --END-- [ RunTime:0.062386s ]
INFO: [ view_filter ] --START--
INFO: Run Behavior\WriteHtmlCacheBehavior [ RunTime:0.020609s ]
INFO: [ view_filter ] --END-- [ RunTime:0.020652s ]
INFO: [ app_end ] --START--
INFO: Run Behavior\ShowPageTraceBehavior [ RunTime:0.010007s ]
INFO: [ app_end ] --END-- [ RunTime:0.010097s ]

[ 2019-10-12T11:09:51+08:00 ] 192.168.0.123 /admin.php/Menu/index.html
INFO: [ app_init ] --START--
INFO: Run Behavior\BuildLiteBehavior [ RunTime:0.000012s ]
INFO: [ app_init ] --END-- [ RunTime:0.000398s ]
INFO: [ app_begin ] --START--
INFO: Run Behavior\ReadHtmlCacheBehavior [ RunTime:0.000748s ]
INFO: [ app_begin ] --END-- [ RunTime:0.000790s ]
SQL: SHOW COLUMNS FROM `admin_config` [ RunTime:0.2194s ]
SQL: SELECT * FROM `admin_config`  [ RunTime:0.0007s ]
SQL: SHOW COLUMNS FROM `admin_user` [ RunTime:0.0188s ]
SQL: SELECT admin_user.*,admin_group.title as groups FROM `admin_user` INNER JOIN admin_group on admin_group.id = admin_user.grouping  WHERE ( admin_user.id=1 ) LIMIT 1   [ RunTime:0.0008s ]
SQL: SHOW COLUMNS FROM `admin_menu` [ RunTime:0.0102s ]
SQL: SELECT * FROM `admin_menu` ORDER BY sort asc  [ RunTime:0.0007s ]
INFO: [ view_parse ] --START--
INFO: [ template_filter ] --START--
INFO: Run Behavior\ContentReplaceBehavior [ RunTime:0.000065s ]
INFO: [ template_filter ] --END-- [ RunTime:0.000114s ]
INFO: Run Behavior\ParseTemplateBehavior [ RunTime:0.052464s ]
INFO: [ view_parse ] --END-- [ RunTime:0.052533s ]
INFO: [ view_filter ] --START--
INFO: Run Behavior\WriteHtmlCacheBehavior [ RunTime:0.000981s ]
INFO: [ view_filter ] --END-- [ RunTime:0.001023s ]
INFO: [ app_end ] --START--
INFO: Run Behavior\ShowPageTraceBehavior [ RunTime:0.001117s ]
INFO: [ app_end ] --END-- [ RunTime:0.001172s ]

[ 2019-10-12T11:09:56+08:00 ] 192.168.0.123 /admin.php/Customer/index
INFO: [ app_init ] --START--
INFO: Run Behavior\BuildLiteBehavior [ RunTime:0.000010s ]
INFO: [ app_init ] --END-- [ RunTime:0.000463s ]
INFO: [ app_begin ] --START--
INFO: Run Behavior\ReadHtmlCacheBehavior [ RunTime:0.000812s ]
INFO: [ app_begin ] --END-- [ RunTime:0.000863s ]
SQL: SHOW COLUMNS FROM `admin_config` [ RunTime:0.0053s ]
SQL: SELECT * FROM `admin_config`  [ RunTime:0.0003s ]
SQL: SHOW COLUMNS FROM `admin_user` [ RunTime:0.0049s ]
SQL: SELECT admin_user.*,admin_group.title as groups FROM `admin_user` INNER JOIN admin_group on admin_group.id = admin_user.grouping  WHERE ( admin_user.id=1 ) LIMIT 1   [ RunTime:0.0003s ]
SQL: SELECT * FROM `admin_config`  [ RunTime:0.0141s ]
SQL: SHOW COLUMNS FROM `category` [ RunTime:0.0908s ]
SQL: SELECT `id`,chinese as title,`type` FROM `category` WHERE `type` = 2 AND `status` = 'activation' ORDER BY id  [ RunTime:0.0006s ]
SQL: SELECT `id`,chinese as title,`type` FROM `category` WHERE `type` = 3 AND `status` = 'activation' ORDER BY id  [ RunTime:0.0006s ]
SQL: SELECT `id`,chinese as title,`type` FROM `category` WHERE `type` = 4 AND `status` = 'activation' ORDER BY id  [ RunTime:0.0006s ]
SQL: SELECT * FROM `admin_config`  [ RunTime:0.0007s ]
SQL: SHOW COLUMNS FROM `customer` [ RunTime:0.0420s ]
SQL: SELECT `id`,`username`,`cartnum` FROM `customer`  [ RunTime:0.0003s ]
INFO: [ view_parse ] --START--
INFO: [ template_filter ] --START--
INFO: Run Behavior\ContentReplaceBehavior [ RunTime:0.000088s ]
INFO: [ template_filter ] --END-- [ RunTime:0.000138s ]
INFO: Run Behavior\ParseTemplateBehavior [ RunTime:0.013566s ]
INFO: [ view_parse ] --END-- [ RunTime:0.013640s ]
INFO: [ view_filter ] --START--
INFO: Run Behavior\WriteHtmlCacheBehavior [ RunTime:0.000864s ]
INFO: [ view_filter ] --END-- [ RunTime:0.000904s ]
INFO: [ app_end ] --START--
INFO: Run Behavior\ShowPageTraceBehavior [ RunTime:0.001165s ]
INFO: [ app_end ] --END-- [ RunTime:0.001218s ]

[ 2019-10-12T11:09:57+08:00 ] 192.168.0.123 /admin.php/Customer/ajaxCustomer/p/1
INFO: [ app_init ] --START--
INFO: Run Behavior\BuildLiteBehavior [ RunTime:0.000011s ]
INFO: [ app_init ] --END-- [ RunTime:0.000438s ]
INFO: [ app_begin ] --START--
INFO: Run Behavior\ReadHtmlCacheBehavior [ RunTime:0.000900s ]
INFO: [ app_begin ] --END-- [ RunTime:0.000940s ]
SQL: SHOW COLUMNS FROM `admin_config` [ RunTime:0.0207s ]
SQL: SELECT * FROM `admin_config`  [ RunTime:0.0003s ]
SQL: SHOW COLUMNS FROM `admin_user` [ RunTime:0.0057s ]
SQL: SELECT admin_user.*,admin_group.title as groups FROM `admin_user` INNER JOIN admin_group on admin_group.id = admin_user.grouping  WHERE ( admin_user.id=1 ) LIMIT 1   [ RunTime:0.0003s ]
SQL: SELECT * FROM `admin_config`  [ RunTime:0.0004s ]
SQL: SHOW COLUMNS FROM `customer` [ RunTime:0.0055s ]
SQL: SHOW COLUMNS FROM `customer` [ RunTime:0.0052s ]
SQL: SELECT COUNT(*) AS tp_count FROM `customer` LIMIT 1   [ RunTime:0.0002s ]
SQL: SELECT `id`,`username`,`cartnum`,`phoneCode`,`phone`,`email`,`birth`,`sex`,`ActivityLevel`,`register_time` FROM `customer` ORDER BY id LIMIT 0,10   [ RunTime:0.0003s ]
INFO: [ view_parse ] --START--
INFO: [ template_filter ] --START--
INFO: Run Behavior\ContentReplaceBehavior [ RunTime:0.000060s ]
INFO: [ template_filter ] --END-- [ RunTime:0.000134s ]
INFO: Run Behavior\ParseTemplateBehavior [ RunTime:0.034266s ]
INFO: [ view_parse ] --END-- [ RunTime:0.034354s ]
INFO: [ view_filter ] --START--
INFO: Run Behavior\WriteHtmlCacheBehavior [ RunTime:0.001468s ]
INFO: [ view_filter ] --END-- [ RunTime:0.001536s ]

[ 2019-10-12T11:09:57+08:00 ] 192.168.0.123 /admin.php/Customer/ajaxCustomer/p/1
INFO: [ app_init ] --START--
INFO: Run Behavior\BuildLiteBehavior [ RunTime:0.000012s ]
INFO: [ app_init ] --END-- [ RunTime:0.000564s ]
INFO: [ app_begin ] --START--
INFO: Run Behavior\ReadHtmlCacheBehavior [ RunTime:0.001008s ]
INFO: [ app_begin ] --END-- [ RunTime:0.001064s ]
SQL: SHOW COLUMNS FROM `admin_config` [ RunTime:0.0056s ]
SQL: SELECT * FROM `admin_config`  [ RunTime:0.0003s ]
SQL: SHOW COLUMNS FROM `admin_user` [ RunTime:0.0050s ]
SQL: SELECT admin_user.*,admin_group.title as groups FROM `admin_user` INNER JOIN admin_group on admin_group.id = admin_user.grouping  WHERE ( admin_user.id=1 ) LIMIT 1   [ RunTime:0.0004s ]
SQL: SELECT * FROM `admin_config`  [ RunTime:0.0003s ]
SQL: SHOW COLUMNS FROM `customer` [ RunTime:0.0058s ]
SQL: SHOW COLUMNS FROM `customer` [ RunTime:0.0057s ]
SQL: SELECT COUNT(*) AS tp_count FROM `customer` LIMIT 1   [ RunTime:0.0003s ]
SQL: SELECT `id`,`username`,`cartnum`,`phoneCode`,`phone`,`email`,`birth`,`sex`,`ActivityLevel`,`register_time` FROM `customer` ORDER BY id LIMIT 0,10   [ RunTime:0.0002s ]
INFO: [ view_parse ] --START--
INFO: [ template_filter ] --START--
INFO: Run Behavior\ContentReplaceBehavior [ RunTime:0.000028s ]
INFO: [ template_filter ] --END-- [ RunTime:0.000059s ]
INFO: Run Behavior\ParseTemplateBehavior [ RunTime:0.006548s ]
INFO: [ view_parse ] --END-- [ RunTime:0.006586s ]
INFO: [ view_filter ] --START--
INFO: Run Behavior\WriteHtmlCacheBehavior [ RunTime:0.000589s ]
INFO: [ view_filter ] --END-- [ RunTime:0.000618s ]

[ 2019-10-12T11:09:59+08:00 ] 192.168.0.123 /admin.php/Product/index
INFO: [ app_init ] --START--
INFO: Run Behavior\BuildLiteBehavior [ RunTime:0.000009s ]
INFO: [ app_init ] --END-- [ RunTime:0.000407s ]
INFO: [ app_begin ] --START--
INFO: Run Behavior\ReadHtmlCacheBehavior [ RunTime:0.000869s ]
INFO: [ app_begin ] --END-- [ RunTime:0.000915s ]
SQL: SHOW COLUMNS FROM `admin_config` [ RunTime:0.0054s ]
SQL: SELECT * FROM `admin_config`  [ RunTime:0.0003s ]
SQL: SHOW COLUMNS FROM `admin_user` [ RunTime:0.0103s ]
SQL: SELECT admin_user.*,admin_group.title as groups FROM `admin_user` INNER JOIN admin_group on admin_group.id = admin_user.grouping  WHERE ( admin_user.id=1 ) LIMIT 1   [ RunTime:0.0004s ]
SQL: SELECT * FROM `admin_config`  [ RunTime:0.0004s ]
SQL: SHOW COLUMNS FROM `product` [ RunTime:0.0428s ]
SQL: SELECT * FROM `product` ORDER BY id  [ RunTime:0.0003s ]
SQL: SELECT * FROM `admin_config`  [ RunTime:0.0002s ]
SQL: SHOW COLUMNS FROM `category` [ RunTime:0.0051s ]
SQL: SELECT `chinese`,`english` FROM `category` WHERE `id` = 1 LIMIT 1   [ RunTime:0.0003s ]
SQL: SELECT `chinese`,`english` FROM `category` WHERE `id` = 1 LIMIT 1   [ RunTime:0.0002s ]
SQL: SELECT `chinese`,`english` FROM `category` WHERE `id` = 1 LIMIT 1   [ RunTime:0.0002s ]
SQL: SELECT `chinese`,`english` FROM `category` WHERE `id` = 1 LIMIT 1   [ RunTime:0.0002s ]
SQL: SELECT `chinese`,`english` FROM `category` WHERE `id` = 1 LIMIT 1   [ RunTime:0.0002s ]
SQL: SELECT `chinese`,`english` FROM `category` WHERE `id` = 1 LIMIT 1   [ RunTime:0.0002s ]
SQL: SELECT `chinese`,`english` FROM `category` WHERE `id` = 1 LIMIT 1   [ RunTime:0.0002s ]
INFO: [ view_parse ] --START--
INFO: [ template_filter ] --START--
INFO: Run Behavior\ContentReplaceBehavior [ RunTime:0.000044s ]
INFO: [ template_filter ] --END-- [ RunTime:0.000086s ]
INFO: Run Behavior\ParseTemplateBehavior [ RunTime:0.021976s ]
INFO: [ view_parse ] --END-- [ RunTime:0.022036s ]
INFO: [ view_filter ] --START--
INFO: Run Behavior\WriteHtmlCacheBehavior [ RunTime:0.000732s ]
INFO: [ view_filter ] --END-- [ RunTime:0.000764s ]
INFO: [ app_end ] --START--
INFO: Run Behavior\ShowPageTraceBehavior [ RunTime:0.000916s ]
INFO: [ app_end ] --END-- [ RunTime:0.000957s ]

[ 2019-10-12T16:09:40+08:00 ] 192.168.0.123 /admin.php/index/index.html
INFO: [ app_init ] --START--
INFO: Run Behavior\BuildLiteBehavior [ RunTime:0.000021s ]
INFO: [ app_init ] --END-- [ RunTime:0.047915s ]
INFO: [ app_begin ] --START--
INFO: Run Behavior\ReadHtmlCacheBehavior [ RunTime:0.008580s ]
INFO: [ app_begin ] --END-- [ RunTime:0.008689s ]

